{
  "RSpec": {
    "coverage": {
      "/Users/deniseyu/Dropbox/Makers/pinstagram/config/environment.rb": [
        null,
        1,
        null,
        null,
        1
      ],
      "/Users/deniseyu/Dropbox/Makers/pinstagram/config/application.rb": [
        1,
        null,
        null,
        1,
        1,
        1,
        1,
        1,
        1,
        null,
        null,
        null,
        null,
        1,
        null,
        1,
        1,
        null,
        null,
        null,
        null,
        null,
        null,
        null,
        null,
        null,
        null,
        null,
        null,
        null
      ],
      "/Users/deniseyu/Dropbox/Makers/pinstagram/config/boot.rb": [
        null,
        1,
        null,
        1
      ],
      "/Users/deniseyu/Dropbox/Makers/pinstagram/config/environments/test.rb": [
        1,
        null,
        null,
        null,
        null,
        null,
        null,
        1,
        null,
        null,
        null,
        null,
        1,
        null,
        null,
        1,
        1,
        null,
        null,
        1,
        1,
        null,
        null,
        1,
        null,
        null,
        1,
        null,
        null,
        null,
        null,
        1,
        null,
        null,
        1,
        null,
        null,
        null,
        null
      ],
      "/Users/deniseyu/Dropbox/Makers/pinstagram/config/initializers/assets.rb": [
        null,
        null,
        null,
        1,
        null,
        null,
        null,
        null
      ],
      "/Users/deniseyu/Dropbox/Makers/pinstagram/config/initializers/backtrace_silencers.rb": [
        null,
        null,
        null,
        null,
        null,
        null,
        null
      ],
      "/Users/deniseyu/Dropbox/Makers/pinstagram/config/initializers/cookies_serializer.rb": [
        null,
        null,
        1
      ],
      "/Users/deniseyu/Dropbox/Makers/pinstagram/config/initializers/devise.rb": [
        1,
        null,
        1,
        null,
        1,
        null,
        1,
        null,
        1,
        null,
        1,
        null,
        1,
        null,
        1,
        null,
        1,
        null,
        1,
        null,
        1,
        null,
        1,
        null,
        1,
        null,
        null,
        null,
        null,
        1,
        null,
        null,
        null,
        null,
        null,
        null,
        null,
        null,
        null,
        null,
        null
      ],
      "/Users/deniseyu/Dropbox/Makers/pinstagram/config/initializers/filter_parameter_logging.rb": [
        null,
        null,
        null,
        1
      ],
      "/Users/deniseyu/Dropbox/Makers/pinstagram/config/initializers/inflections.rb": [
        null,
        null,
        null,
        null,
        null,
        null,
        null,
        null,
        null,
        null,
        null,
        null,
        null,
        null,
        null,
        null
      ],
      "/Users/deniseyu/Dropbox/Makers/pinstagram/config/initializers/mime_types.rb": [
        null,
        null,
        null,
        null
      ],
      "/Users/deniseyu/Dropbox/Makers/pinstagram/config/initializers/session_store.rb": [
        null,
        null,
        1
      ],
      "/Users/deniseyu/Dropbox/Makers/pinstagram/config/initializers/wrap_parameters.rb": [
        null,
        null,
        null,
        null,
        null,
        null,
        1,
        1,
        null,
        null,
        null,
        null,
        null,
        null
      ],
      "/Users/deniseyu/Dropbox/Makers/pinstagram/config/routes.rb": [
        1,
        null,
        1,
        null,
        null,
        null,
        null,
        null,
        1,
        null,
        1,
        1,
        1,
        null,
        null,
        null,
        null
      ],
      "/Users/deniseyu/Dropbox/Makers/pinstagram/app/models/user.rb": [
        1,
        null,
        1,
        1,
        1,
        null,
        null,
        null,
        1,
        null,
        null,
        null,
        1,
        0,
        0,
        0,
        null,
        null,
        null,
        1,
        0,
        0,
        0,
        null,
        null,
        null,
        null,
        null
      ],
      "/Users/deniseyu/Dropbox/Makers/pinstagram/app/helpers/application_helper.rb": [
        1,
        null
      ],
      "/Users/deniseyu/Dropbox/Makers/pinstagram/app/helpers/likes_helper.rb": [
        1,
        null
      ],
      "/Users/deniseyu/Dropbox/Makers/pinstagram/app/helpers/posts_helper.rb": [
        1,
        null
      ],
      "/Users/deniseyu/Dropbox/Makers/pinstagram/app/helpers/users_helper.rb": [
        1,
        null
      ],
      "/Users/deniseyu/Dropbox/Makers/pinstagram/app/controllers/likes_controller.rb": [
        1,
        null,
        1,
        0,
        0,
        0,
        null,
        null,
        1,
        0,
        0,
        0,
        null,
        null,
        null,
        null,
        null,
        null,
        null,
        null,
        null,
        null,
        null
      ],
      "/Users/deniseyu/Dropbox/Makers/pinstagram/app/controllers/application_controller.rb": [
        1,
        null,
        null,
        1,
        null
      ],
      "/Users/deniseyu/Dropbox/Makers/pinstagram/app/models/like.rb": [
        1,
        1,
        1,
        null
      ],
      "/Users/deniseyu/Dropbox/Makers/pinstagram/app/models/post.rb": [
        1,
        null,
        1,
        1,
        1,
        1,
        null,
        null,
        null,
        null
      ],
      "/Users/deniseyu/Dropbox/Makers/pinstagram/app/controllers/posts_controller.rb": [
        1,
        null,
        1,
        null,
        1,
        15,
        null,
        null,
        1,
        0,
        null,
        null,
        1,
        0,
        0,
        0,
        0,
        0,
        null,
        0,
        null,
        null,
        null,
        1,
        0,
        null,
        null,
        1,
        0,
        null,
        null,
        1,
        0,
        null,
        null,
        1,
        0,
        0,
        0,
        0,
        null,
        null,
        1,
        0,
        0,
        0,
        0,
        null,
        null,
        null
      ]
    },
    "timestamp": 1418224155
  }
}
